{"/Users/zach/projects/Steppin/stepin-app/lib/utils/streakFreeze.ts": {"path":"/Users/zach/projects/Steppin/stepin-app/lib/utils/streakFreeze.ts","statementMap":{"0":{"start":{"line":10,"column":27},"end":{"line":10,"column":28}},"1":{"start":{"line":11,"column":34},"end":{"line":11,"column":35}},"2":{"start":{"line":26,"column":2},"end":{"line":77,"column":3}},"3":{"start":{"line":27,"column":37},"end":{"line":31,"column":15}},"4":{"start":{"line":33,"column":4},"end":{"line":40,"column":5}},"5":{"start":{"line":34,"column":6},"end":{"line":34,"column":66}},"6":{"start":{"line":35,"column":6},"end":{"line":39,"column":8}},"7":{"start":{"line":43,"column":29},"end":{"line":47,"column":15}},"8":{"start":{"line":49,"column":26},"end":{"line":49,"column":53}},"9":{"start":{"line":50,"column":22},"end":{"line":50,"column":60}},"10":{"start":{"line":53,"column":26},"end":{"line":53,"column":106}},"11":{"start":{"line":54,"column":23},"end":{"line":54,"column":112}},"12":{"start":{"line":57,"column":20},"end":{"line":59,"column":50}},"13":{"start":{"line":61,"column":4},"end":{"line":68,"column":6}},"14":{"start":{"line":70,"column":4},"end":{"line":70,"column":59}},"15":{"start":{"line":71,"column":4},"end":{"line":71,"column":35}},"16":{"start":{"line":72,"column":4},"end":{"line":76,"column":6}},"17":{"start":{"line":84,"column":2},"end":{"line":120,"column":3}},"18":{"start":{"line":85,"column":19},"end":{"line":85,"column":54}},"19":{"start":{"line":87,"column":4},"end":{"line":89,"column":5}},"20":{"start":{"line":88,"column":6},"end":{"line":88,"column":76}},"21":{"start":{"line":91,"column":4},"end":{"line":93,"column":5}},"22":{"start":{"line":92,"column":6},"end":{"line":92,"column":76}},"23":{"start":{"line":95,"column":18},"end":{"line":95,"column":56}},"24":{"start":{"line":97,"column":22},"end":{"line":104,"column":23}},"25":{"start":{"line":106,"column":4},"end":{"line":109,"column":5}},"26":{"start":{"line":107,"column":6},"end":{"line":107,"column":58}},"27":{"start":{"line":108,"column":6},"end":{"line":108,"column":54}},"28":{"start":{"line":111,"column":4},"end":{"line":111,"column":84}},"29":{"start":{"line":112,"column":4},"end":{"line":112,"column":29}},"30":{"start":{"line":114,"column":4},"end":{"line":114,"column":54}},"31":{"start":{"line":115,"column":4},"end":{"line":115,"column":35}},"32":{"start":{"line":116,"column":4},"end":{"line":119,"column":6}},"33":{"start":{"line":130,"column":2},"end":{"line":201,"column":3}},"34":{"start":{"line":131,"column":19},"end":{"line":131,"column":54}},"35":{"start":{"line":133,"column":4},"end":{"line":135,"column":5}},"36":{"start":{"line":134,"column":6},"end":{"line":134,"column":70}},"37":{"start":{"line":138,"column":33},"end":{"line":143,"column":15}},"38":{"start":{"line":145,"column":4},"end":{"line":147,"column":5}},"39":{"start":{"line":146,"column":6},"end":{"line":146,"column":75}},"40":{"start":{"line":150,"column":36},"end":{"line":157,"column":23}},"41":{"start":{"line":159,"column":4},"end":{"line":162,"column":5}},"42":{"start":{"line":160,"column":6},"end":{"line":160,"column":71}},"43":{"start":{"line":161,"column":6},"end":{"line":161,"column":61}},"44":{"start":{"line":165,"column":34},"end":{"line":176,"column":8}},"45":{"start":{"line":178,"column":4},"end":{"line":190,"column":5}},"46":{"start":{"line":179,"column":6},"end":{"line":179,"column":73}},"47":{"start":{"line":181,"column":6},"end":{"line":187,"column":26}},"48":{"start":{"line":189,"column":6},"end":{"line":189,"column":59}},"49":{"start":{"line":192,"column":4},"end":{"line":192,"column":89}},"50":{"start":{"line":193,"column":4},"end":{"line":193,"column":29}},"51":{"start":{"line":195,"column":4},"end":{"line":195,"column":53}},"52":{"start":{"line":196,"column":4},"end":{"line":196,"column":35}},"53":{"start":{"line":197,"column":4},"end":{"line":200,"column":6}},"54":{"start":{"line":211,"column":2},"end":{"line":247,"column":3}},"55":{"start":{"line":212,"column":19},"end":{"line":212,"column":54}},"56":{"start":{"line":214,"column":4},"end":{"line":216,"column":5}},"57":{"start":{"line":215,"column":6},"end":{"line":215,"column":63}},"58":{"start":{"line":219,"column":23},"end":{"line":219,"column":37}},"59":{"start":{"line":220,"column":18},"end":{"line":220,"column":28}},"60":{"start":{"line":221,"column":4},"end":{"line":221,"column":31}},"61":{"start":{"line":223,"column":4},"end":{"line":225,"column":5}},"62":{"start":{"line":224,"column":6},"end":{"line":224,"column":77}},"63":{"start":{"line":228,"column":33},"end":{"line":233,"column":15}},"64":{"start":{"line":235,"column":4},"end":{"line":237,"column":5}},"65":{"start":{"line":236,"column":6},"end":{"line":236,"column":75}},"66":{"start":{"line":239,"column":4},"end":{"line":241,"column":5}},"67":{"start":{"line":240,"column":6},"end":{"line":240,"column":72}},"68":{"start":{"line":243,"column":4},"end":{"line":243,"column":28}},"69":{"start":{"line":245,"column":4},"end":{"line":245,"column":57}},"70":{"start":{"line":246,"column":4},"end":{"line":246,"column":74}},"71":{"start":{"line":254,"column":2},"end":{"line":277,"column":3}},"72":{"start":{"line":256,"column":22},"end":{"line":256,"column":32}},"73":{"start":{"line":257,"column":4},"end":{"line":257,"column":47}},"74":{"start":{"line":258,"column":25},"end":{"line":258,"column":62}},"75":{"start":{"line":261,"column":33},"end":{"line":266,"column":15}},"76":{"start":{"line":269,"column":4},"end":{"line":271,"column":5}},"77":{"start":{"line":270,"column":6},"end":{"line":270,"column":26}},"78":{"start":{"line":273,"column":4},"end":{"line":273,"column":16}},"79":{"start":{"line":275,"column":4},"end":{"line":275,"column":54}},"80":{"start":{"line":276,"column":4},"end":{"line":276,"column":16}}},"fnMap":{"0":{"name":"getStreakFreezeStatus","decl":{"start":{"line":25,"column":22},"end":{"line":25,"column":43}},"loc":{"start":{"line":25,"column":89},"end":{"line":78,"column":1}},"line":25},"1":{"name":"earnStreakFreeze","decl":{"start":{"line":83,"column":22},"end":{"line":83,"column":38}},"loc":{"start":{"line":83,"column":102},"end":{"line":121,"column":1}},"line":83},"2":{"name":"useStreakFreeze","decl":{"start":{"line":126,"column":22},"end":{"line":126,"column":37}},"loc":{"start":{"line":129,"column":49},"end":{"line":202,"column":1}},"line":129},"3":{"name":"canUseFreezeForDate","decl":{"start":{"line":207,"column":22},"end":{"line":207,"column":41}},"loc":{"start":{"line":210,"column":49},"end":{"line":248,"column":1}},"line":210},"4":{"name":"getFreezableDate","decl":{"start":{"line":253,"column":22},"end":{"line":253,"column":38}},"loc":{"start":{"line":253,"column":79},"end":{"line":278,"column":1}},"line":253}},"branchMap":{"0":{"loc":{"start":{"line":33,"column":4},"end":{"line":40,"column":5}},"type":"if","locations":[{"start":{"line":33,"column":4},"end":{"line":40,"column":5}},{"start":{},"end":{}}],"line":33},"1":{"loc":{"start":{"line":49,"column":26},"end":{"line":49,"column":53}},"type":"binary-expr","locations":[{"start":{"line":49,"column":26},"end":{"line":49,"column":48}},{"start":{"line":49,"column":52},"end":{"line":49,"column":53}}],"line":49},"2":{"loc":{"start":{"line":50,"column":22},"end":{"line":50,"column":60}},"type":"binary-expr","locations":[{"start":{"line":50,"column":22},"end":{"line":50,"column":55}},{"start":{"line":50,"column":59},"end":{"line":50,"column":60}}],"line":50},"3":{"loc":{"start":{"line":54,"column":23},"end":{"line":54,"column":112}},"type":"cond-expr","locations":[{"start":{"line":54,"column":55},"end":{"line":54,"column":68}},{"start":{"line":54,"column":71},"end":{"line":54,"column":112}}],"line":54},"4":{"loc":{"start":{"line":57,"column":20},"end":{"line":59,"column":50}},"type":"binary-expr","locations":[{"start":{"line":57,"column":20},"end":{"line":57,"column":37}},{"start":{"line":58,"column":20},"end":{"line":58,"column":67}},{"start":{"line":59,"column":20},"end":{"line":59,"column":50}}],"line":57},"5":{"loc":{"start":{"line":87,"column":4},"end":{"line":89,"column":5}},"type":"if","locations":[{"start":{"line":87,"column":4},"end":{"line":89,"column":5}},{"start":{},"end":{}}],"line":87},"6":{"loc":{"start":{"line":91,"column":4},"end":{"line":93,"column":5}},"type":"if","locations":[{"start":{"line":91,"column":4},"end":{"line":93,"column":5}},{"start":{},"end":{}}],"line":91},"7":{"loc":{"start":{"line":106,"column":4},"end":{"line":109,"column":5}},"type":"if","locations":[{"start":{"line":106,"column":4},"end":{"line":109,"column":5}},{"start":{},"end":{}}],"line":106},"8":{"loc":{"start":{"line":118,"column":13},"end":{"line":118,"column":69}},"type":"cond-expr","locations":[{"start":{"line":118,"column":38},"end":{"line":118,"column":51}},{"start":{"line":118,"column":54},"end":{"line":118,"column":69}}],"line":118},"9":{"loc":{"start":{"line":133,"column":4},"end":{"line":135,"column":5}},"type":"if","locations":[{"start":{"line":133,"column":4},"end":{"line":135,"column":5}},{"start":{},"end":{}}],"line":133},"10":{"loc":{"start":{"line":145,"column":4},"end":{"line":147,"column":5}},"type":"if","locations":[{"start":{"line":145,"column":4},"end":{"line":147,"column":5}},{"start":{},"end":{}}],"line":145},"11":{"loc":{"start":{"line":159,"column":4},"end":{"line":162,"column":5}},"type":"if","locations":[{"start":{"line":159,"column":4},"end":{"line":162,"column":5}},{"start":{},"end":{}}],"line":159},"12":{"loc":{"start":{"line":178,"column":4},"end":{"line":190,"column":5}},"type":"if","locations":[{"start":{"line":178,"column":4},"end":{"line":190,"column":5}},{"start":{},"end":{}}],"line":178},"13":{"loc":{"start":{"line":199,"column":13},"end":{"line":199,"column":69}},"type":"cond-expr","locations":[{"start":{"line":199,"column":38},"end":{"line":199,"column":51}},{"start":{"line":199,"column":54},"end":{"line":199,"column":69}}],"line":199},"14":{"loc":{"start":{"line":214,"column":4},"end":{"line":216,"column":5}},"type":"if","locations":[{"start":{"line":214,"column":4},"end":{"line":216,"column":5}},{"start":{},"end":{}}],"line":214},"15":{"loc":{"start":{"line":223,"column":4},"end":{"line":225,"column":5}},"type":"if","locations":[{"start":{"line":223,"column":4},"end":{"line":225,"column":5}},{"start":{},"end":{}}],"line":223},"16":{"loc":{"start":{"line":235,"column":4},"end":{"line":237,"column":5}},"type":"if","locations":[{"start":{"line":235,"column":4},"end":{"line":237,"column":5}},{"start":{},"end":{}}],"line":235},"17":{"loc":{"start":{"line":239,"column":4},"end":{"line":241,"column":5}},"type":"if","locations":[{"start":{"line":239,"column":4},"end":{"line":241,"column":5}},{"start":{},"end":{}}],"line":239},"18":{"loc":{"start":{"line":269,"column":4},"end":{"line":271,"column":5}},"type":"if","locations":[{"start":{"line":269,"column":4},"end":{"line":271,"column":5}},{"start":{},"end":{}}],"line":269},"19":{"loc":{"start":{"line":269,"column":8},"end":{"line":269,"column":79}},"type":"binary-expr","locations":[{"start":{"line":269,"column":8},"end":{"line":269,"column":19}},{"start":{"line":269,"column":24},"end":{"line":269,"column":44}},{"start":{"line":269,"column":48},"end":{"line":269,"column":78}}],"line":269}},"s":{"0":1,"1":1,"2":20,"3":20,"4":19,"5":1,"6":1,"7":18,"8":18,"9":18,"10":18,"11":18,"12":18,"13":18,"14":1,"15":1,"16":1,"17":4,"18":4,"19":4,"20":1,"21":3,"22":1,"23":2,"24":2,"25":2,"26":1,"27":1,"28":1,"29":1,"30":0,"31":0,"32":0,"33":4,"34":4,"35":4,"36":1,"37":3,"38":3,"39":1,"40":2,"41":2,"42":0,"43":0,"44":2,"45":2,"46":1,"47":1,"48":1,"49":1,"50":1,"51":0,"52":0,"53":0,"54":5,"55":5,"56":5,"57":1,"58":4,"59":4,"60":4,"61":4,"62":1,"63":3,"64":3,"65":1,"66":2,"67":1,"68":1,"69":0,"70":0,"71":5,"72":5,"73":5,"74":5,"75":5,"76":4,"77":2,"78":2,"79":1,"80":1},"f":{"0":20,"1":4,"2":4,"3":5,"4":5},"b":{"0":[1,18],"1":[18,1],"2":[18,3],"3":[11,7],"4":[18,17,6],"5":[1,3],"6":[1,2],"7":[1,1],"8":[0,0],"9":[1,3],"10":[1,2],"11":[0,2],"12":[1,1],"13":[0,0],"14":[1,4],"15":[1,3],"16":[1,2],"17":[1,1],"18":[2,2],"19":[4,3,2]},"_coverageSchema":"1a1c01bbd47fc00a2c39e90264f33305004495a9","hash":"4352ca75d69fab2417ae912d7b4fcb821007d868"}
}
