TN:
SF:lib/utils/streakFreeze.ts
FN:25,getStreakFreezeStatus
FN:83,earnStreakFreeze
FN:126,useStreakFreeze
FN:207,canUseFreezeForDate
FN:253,getFreezableDate
FNF:5
FNH:5
FNDA:20,getStreakFreezeStatus
FNDA:4,earnStreakFreeze
FNDA:4,useStreakFreeze
FNDA:5,canUseFreezeForDate
FNDA:5,getFreezableDate
DA:10,1
DA:11,1
DA:26,20
DA:27,20
DA:33,19
DA:34,1
DA:35,1
DA:43,18
DA:49,18
DA:50,18
DA:53,18
DA:54,18
DA:57,18
DA:61,18
DA:70,1
DA:71,1
DA:72,1
DA:84,4
DA:85,4
DA:87,4
DA:88,1
DA:91,3
DA:92,1
DA:95,2
DA:97,2
DA:106,2
DA:107,1
DA:108,1
DA:111,1
DA:112,1
DA:114,0
DA:115,0
DA:116,0
DA:130,4
DA:131,4
DA:133,4
DA:134,1
DA:138,3
DA:145,3
DA:146,1
DA:150,2
DA:159,2
DA:160,0
DA:161,0
DA:165,2
DA:178,2
DA:179,1
DA:181,1
DA:189,1
DA:192,1
DA:193,1
DA:195,0
DA:196,0
DA:197,0
DA:211,5
DA:212,5
DA:214,5
DA:215,1
DA:219,4
DA:220,4
DA:221,4
DA:223,4
DA:224,1
DA:228,3
DA:235,3
DA:236,1
DA:239,2
DA:240,1
DA:243,1
DA:245,0
DA:246,0
DA:254,5
DA:256,5
DA:257,5
DA:258,5
DA:261,5
DA:269,4
DA:270,2
DA:273,2
DA:275,1
DA:276,1
LF:81
LH:71
BRDA:33,0,0,1
BRDA:33,0,1,18
BRDA:49,1,0,18
BRDA:49,1,1,1
BRDA:50,2,0,18
BRDA:50,2,1,3
BRDA:54,3,0,11
BRDA:54,3,1,7
BRDA:57,4,0,18
BRDA:57,4,1,17
BRDA:57,4,2,6
BRDA:87,5,0,1
BRDA:87,5,1,3
BRDA:91,6,0,1
BRDA:91,6,1,2
BRDA:106,7,0,1
BRDA:106,7,1,1
BRDA:118,8,0,0
BRDA:118,8,1,0
BRDA:133,9,0,1
BRDA:133,9,1,3
BRDA:145,10,0,1
BRDA:145,10,1,2
BRDA:159,11,0,0
BRDA:159,11,1,2
BRDA:178,12,0,1
BRDA:178,12,1,1
BRDA:199,13,0,0
BRDA:199,13,1,0
BRDA:214,14,0,1
BRDA:214,14,1,4
BRDA:223,15,0,1
BRDA:223,15,1,3
BRDA:235,16,0,1
BRDA:235,16,1,2
BRDA:239,17,0,1
BRDA:239,17,1,1
BRDA:269,18,0,2
BRDA:269,18,1,2
BRDA:269,19,0,4
BRDA:269,19,1,3
BRDA:269,19,2,2
BRF:42
BRH:37
end_of_record
